<?xml version="1.0" encoding="UTF-8"?>
<beans xmlns="http://www.springframework.org/schema/beans"
	   xmlns:context="http://www.springframework.org/schema/context" 
       xmlns:xsi="http://www.w3.org/2001/XMLSchema-instance"
       xmlns:util="http://www.springframework.org/schema/util"
       xmlns:tx="http://www.springframework.org/schema/tx"
       xmlns:aop="http://www.springframework.org/schema/aop"
       xmlns:lang="http://www.springframework.org/schema/lang"
       xsi:schemaLocation="http://www.springframework.org/schema/beans http://www.springframework.org/schema/beans/spring-beans-3.0.xsd
                           http://www.springframework.org/schema/util http://www.springframework.org/schema/util/spring-util-3.0.xsd
                           http://www.springframework.org/schema/tx http://www.springframework.org/schema/tx/spring-tx-3.0.xsd
                           http://www.springframework.org/schema/aop http://www.springframework.org/schema/aop/spring-aop-3.0.xsd
                           http://www.springframework.org/schema/lang http://www.springframework.org/schema/lang/spring-lang-3.0.xsd
                           http://www.springframework.org/schema/context http://www.springframework.org/schema/context/spring-context-3.0.xsd">

    <bean id="database" class="ie.cganalytics.clubadmin.model.database.AnnotatedInMemoryDatabase">
    	<property name="properties" ref="hibernateProperties" />
    	<property name="annotatedClasses" ref="annotatedClasses" />
    </bean>
    
    <util:properties id="hibernateProperties">
    	<prop key="hibernate.dialect">${hibernate.dialect}</prop>
    	<prop key="hibernate.show_sql">${hibernate.show_sql}</prop>
		<prop key="hibernate.transaction.factory_class">${hibernate.transaction.factory_class}</prop>
		
		<prop key="hibernate.connection.driver_class">${dataSource.driverClassName}</prop>
		<prop key="hibernate.connection.username">${dataSource.username}</prop>
		<prop key="hibernate.connection.password">${dataSource.password}</prop>
		<prop key="hibernate.connection.url">${dataSource.url}</prop>
    </util:properties>
    
</beans>